<?xml version="1.0" encoding="UTF-8"?>
<!-- Generated by org.testng.reporters.JUnitXMLReporter -->
<testsuite ignored="0" hostname="DESKTOP-BTGAU9A" failures="0" tests="3" name="Default test" time="5.587" errors="0" timestamp="2022-08-11T14:57:41 EDT">
  <testcase classname="test.PutpatchdeleteExamples" name="testDelete" time="3.31"/>
  <testcase classname="test.PutpatchdeleteExamples" name="testPatch" time="1.276"/>
  <testcase classname="test.PutpatchdeleteExamples" name="testPut" time="0.946"/>
</testsuite> <!-- Default test -->
