<?xml version="1.0" encoding="UTF-8"?>
<testng-results ignored="0" total="3" passed="3" failed="0" skipped="0">
  <reporter-output>
  </reporter-output>
  <suite started-at="2022-08-11T14:57:35 EDT" name="Default suite" finished-at="2022-08-11T14:57:41 EDT" duration-ms="5587">
    <groups>
    </groups>
    <test started-at="2022-08-11T14:57:35 EDT" name="Default test" finished-at="2022-08-11T14:57:41 EDT" duration-ms="5587">
      <class name="test.PutpatchdeleteExamples">
        <test-method signature="testDelete()[pri:0, instance:test.PutpatchdeleteExamples@3e84448c]" started-at="2022-08-11T14:57:35 EDT" name="testDelete" finished-at="2022-08-11T14:57:38 EDT" duration-ms="3310" status="PASS">
          <reporter-output>
          </reporter-output>
        </test-method> <!-- testDelete -->
        <test-method signature="testPatch()[pri:0, instance:test.PutpatchdeleteExamples@3e84448c]" started-at="2022-08-11T14:57:38 EDT" name="testPatch" finished-at="2022-08-11T14:57:40 EDT" duration-ms="1276" status="PASS">
          <reporter-output>
          </reporter-output>
        </test-method> <!-- testPatch -->
        <test-method signature="testPut()[pri:0, instance:test.PutpatchdeleteExamples@3e84448c]" started-at="2022-08-11T14:57:40 EDT" name="testPut" finished-at="2022-08-11T14:57:40 EDT" duration-ms="946" status="PASS">
          <reporter-output>
          </reporter-output>
        </test-method> <!-- testPut -->
      </class> <!-- test.PutpatchdeleteExamples -->
    </test> <!-- Default test -->
  </suite> <!-- Default suite -->
</testng-results>
